<?xml version="1.0" encoding="UTF-8"?>
<!-- Generated by org.testng.reporters.JUnitReportReporter -->
<testsuite skipped="0" hostname="LAPTOP-9B01OS6D" name="com.crm.espinaca.ContactTest.ContactTest" tests="1" failures="0" timestamp="2022-07-14T16:49:11 IST" time="2.388" errors="0">
  <testcase name="createContactandDelete" time="2.388" classname="com.crm.espinaca.ContactTest.ContactTest"/>
  <system-out/>
</testsuite> <!-- com.crm.espinaca.ContactTest.ContactTest -->
